<?xml version="1.0" encoding="UTF-8"?>
<testsuite xmlns:xsi="http://www.w3.org/2001/XMLSchema-instance" xsi:noNamespaceSchemaLocation="https://maven.apache.org/surefire/maven-surefire-plugin/xsd/surefire-test-report-3.0.xsd" version="3.0" name="com.internship.tool.ToolApplicationTests" time="10.997" tests="1" errors="0" skipped="0" failures="0">
  <properties>
[...]
</properties>
  <testcase name="contextLoads" classname="com.internship.tool.ToolApplicationTests" time="0.027">
    <system-out><![CDATA[2026-05-06T00:17:29.510+05:30  INFO 23896 --- [           main] t.c.s.AnnotationConfigContextLoaderUtils : Could not detect default configuration classes for test class [com.internship.tool.ToolApplicationTests]: ToolApplicationTests does not declare any static, non-private, non-final, nested classes annotated with @Configuration.
2026-05-06T00:17:29.531+05:30  INFO 23896 --- [           main] .b.t.c.SpringBootTestContextBootstrapper : Found @SpringBootConfiguration com.internship.tool.ToolApplication for test class com.internship.tool.ToolApplicationTests
2026-05-06T00:17:29.548+05:30  INFO 23896 --- [           main] o.s.b.d.r.RestartApplicationListener     : Restart disabled due to context in which it is running

  .   ____          _            __ _ _
 /\\ / ___'_ __ _ _(_)_ __  __ _ \ \ \ \
( ( )\___ | '_ | '_| | '_ \/ _` | \ \ \ \
 \\/  ___)| |_)| | | | | || (_| |  ) ) ) )
  '  |____| .__|_| |_|_| |_\__, | / / / /
 =========|_|==============|___/=/_/_/_/
 :: Spring Boot ::                (v3.2.5)

2026-05-06T00:17:29.609+05:30  INFO 23896 --- [           main] c.internship.tool.ToolApplicationTests   : Starting ToolApplicationTests using Java 17.0.10 with PID 23896 (started by Prajwal Rajendra in C:\Projects\emerging-risk-monitor\backend)
2026-05-06T00:17:29.609+05:30  INFO 23896 --- [           main] c.internship.tool.ToolApplicationTests   : No active profile set, falling back to 1 default profile: "default"
2026-05-06T00:17:31.214+05:30  INFO 23896 --- [           main] .s.d.r.c.RepositoryConfigurationDelegate : Multiple Spring Data modules found, entering strict repository configuration mode
2026-05-06T00:17:31.219+05:30  INFO 23896 --- [           main] .s.d.r.c.RepositoryConfigurationDelegate : Bootstrapping Spring Data JPA repositories in DEFAULT mode.
2026-05-06T00:17:31.334+05:30  INFO 23896 --- [           main] .s.d.r.c.RepositoryConfigurationDelegate : Finished Spring Data repository scanning in 101 ms. Found 3 JPA repository interfaces.
2026-05-06T00:17:31.365+05:30  INFO 23896 --- [           main] .s.d.r.c.RepositoryConfigurationDelegate : Multiple Spring Data modules found, entering strict repository configuration mode
2026-05-06T00:17:31.368+05:30  INFO 23896 --- [           main] .s.d.r.c.RepositoryConfigurationDelegate : Bootstrapping Spring Data Redis repositories in DEFAULT mode.
2026-05-06T00:17:31.405+05:30  INFO 23896 --- [           main] .RepositoryConfigurationExtensionSupport : Spring Data Redis - Could not safely identify store assignment for repository candidate interface com.internship.tool.repository.EmergingRiskRepository; If you want this repository to be a Redis repository, consider annotating your entities with one of these annotations: org.springframework.data.redis.core.RedisHash (preferred), or consider extending one of the following types with your repository: org.springframework.data.keyvalue.repository.KeyValueRepository
2026-05-06T00:17:31.405+05:30  INFO 23896 --- [           main] .RepositoryConfigurationExtensionSupport : Spring Data Redis - Could not safely identify store assignment for repository candidate interface com.internship.tool.repository.RiskRepository; If you want this repository to be a Redis repository, consider annotating your entities with one of these annotations: org.springframework.data.redis.core.RedisHash (preferred), or consider extending one of the following types with your repository: org.springframework.data.keyvalue.repository.KeyValueRepository
2026-05-06T00:17:31.405+05:30  INFO 23896 --- [           main] .RepositoryConfigurationExtensionSupport : Spring Data Redis - Could not safely identify store assignment for repository candidate interface com.internship.tool.repository.UserRepository; If you want this repository to be a Redis repository, consider annotating your entities with one of these annotations: org.springframework.data.redis.core.RedisHash (preferred), or consider extending one of the following types with your repository: org.springframework.data.keyvalue.repository.KeyValueRepository
2026-05-06T00:17:31.405+05:30  INFO 23896 --- [           main] .s.d.r.c.RepositoryConfigurationDelegate : Finished Spring Data repository scanning in 14 ms. Found 0 Redis repository interfaces.
2026-05-06T00:17:32.283+05:30  INFO 23896 --- [           main] com.zaxxer.hikari.HikariDataSource       : HikariPool-1 - Starting...
2026-05-06T00:17:32.717+05:30  INFO 23896 --- [           main] com.zaxxer.hikari.pool.HikariPool        : HikariPool-1 - Added connection org.postgresql.jdbc.PgConnection@7da40bf4
2026-05-06T00:17:32.722+05:30  INFO 23896 --- [           main] com.zaxxer.hikari.HikariDataSource       : HikariPool-1 - Start completed.
2026-05-06T00:17:32.945+05:30  INFO 23896 --- [           main] o.f.c.internal.license.VersionPrinter    : Flyway Community Edition 9.22.3 by Redgate
2026-05-06T00:17:32.947+05:30  INFO 23896 --- [           main] o.f.c.internal.license.VersionPrinter    : See release notes here: https://rd.gt/416ObMi
2026-05-06T00:17:32.947+05:30  INFO 23896 --- [           main] o.f.c.internal.license.VersionPrinter    : 
2026-05-06T00:17:32.978+05:30  INFO 23896 --- [           main] org.flywaydb.core.FlywayExecutor         : Database: jdbc:postgresql://localhost:5432/riskdb (PostgreSQL 15.17)
2026-05-06T00:17:33.065+05:30  INFO 23896 --- [           main] o.f.core.internal.command.DbValidate     : Successfully validated 5 migrations (execution time 00:00.054s)
2026-05-06T00:17:33.085+05:30  INFO 23896 --- [           main] o.f.core.internal.command.DbMigrate      : Current version of schema "public": 4
2026-05-06T00:17:33.085+05:30  WARN 23896 --- [           main] o.f.core.internal.command.DbMigrate      : Schema "public" has a version (4) that is newer than the latest available migration (3) !
2026-05-06T00:17:33.091+05:30  INFO 23896 --- [           main] o.f.core.internal.command.DbMigrate      : Schema "public" is up to date. No migration necessary.
2026-05-06T00:17:33.299+05:30  INFO 23896 --- [           main] o.hibernate.jpa.internal.util.LogHelper  : HHH000204: Processing PersistenceUnitInfo [name: default]
2026-05-06T00:17:33.491+05:30  INFO 23896 --- [           main] org.hibernate.Version                    : HHH000412: Hibernate ORM core version 6.4.4.Final
2026-05-06T00:17:33.588+05:30  INFO 23896 --- [           main] o.h.c.internal.RegionFactoryInitiator    : HHH000026: Second-level cache disabled
2026-05-06T00:17:33.948+05:30  INFO 23896 --- [           main] o.s.o.j.p.SpringPersistenceUnitInfo      : No LoadTimeWeaver setup: ignoring JPA class transformer
2026-05-06T00:17:36.143+05:30  INFO 23896 --- [           main] o.h.e.t.j.p.i.JtaPlatformInitiator       : HHH000489: No JTA platform available (set 'hibernate.transaction.jta.platform' to enable JTA platform integration)
2026-05-06T00:17:36.252+05:30  INFO 23896 --- [           main] j.LocalContainerEntityManagerFactoryBean : Initialized JPA EntityManagerFactory for persistence unit 'default'
2026-05-06T00:17:38.754+05:30  INFO 23896 --- [           main] o.s.b.a.e.web.EndpointLinksResolver      : Exposing 14 endpoint(s) beneath base path '/actuator'
2026-05-06T00:17:38.900+05:30  INFO 23896 --- [           main] o.s.s.web.DefaultSecurityFilterChain     : Will secure any request with [org.springframework.security.web.session.DisableEncodeUrlFilter@3baca7fb, org.springframework.security.web.context.request.async.WebAsyncManagerIntegrationFilter@4c60d61, org.springframework.security.web.context.SecurityContextHolderFilter@1b256636, org.springframework.security.web.header.HeaderWriterFilter@29957fe0, org.springframework.web.filter.CorsFilter@557de967, org.springframework.security.web.authentication.logout.LogoutFilter@43f8f0bc, org.springframework.security.web.savedrequest.RequestCacheAwareFilter@45dac901, org.springframework.security.web.servletapi.SecurityContextHolderAwareRequestFilter@7721408, org.springframework.security.web.authentication.AnonymousAuthenticationFilter@e2448b4, org.springframework.security.web.access.ExceptionTranslationFilter@a9375dd, org.springframework.security.web.access.intercept.AuthorizationFilter@15554017]
2026-05-06T00:17:39.261+05:30  WARN 23896 --- [           main] ion$DefaultTemplateResolverConfiguration : Cannot find template location: classpath:/templates/ (please add some templates, check your Thymeleaf configuration, or set spring.thymeleaf.check-template-location=false)
2026-05-06T00:17:40.381+05:30  INFO 23896 --- [           main] c.internship.tool.ToolApplicationTests   : Started ToolApplicationTests in 10.832 seconds (process running for 22.016)
]]></system-out>
  </testcase>
</testsuite>